{"F:\\teste\\app-react\\src\\App.tsx": {"path":"F:\\teste\\app-react\\src\\App.tsx","statementMap":{"0":{"start":{"line":1,"column":0},"end":{"line":1,"column":18}},"1":{"start":{"line":2,"column":0},"end":{"line":2,"column":32}},"2":{"start":{"line":3,"column":0},"end":{"line":3,"column":47}},"3":{"start":{"line":4,"column":0},"end":{"line":4,"column":46}},"4":{"start":{"line":8,"column":2},"end":{"line":13,"column":null}},"5":{"start":{"line":16,"column":0},"end":{"line":16,"column":null}}},"fnMap":{"0":{"name":"App","decl":{"start":{"line":6,"column":9},"end":{"line":6,"column":12}},"loc":{"start":{"line":6,"column":12},"end":{"line":14,"column":1}}}},"branchMap":{},"s":{"0":1,"1":1,"2":1,"3":1,"4":1,"5":1},"f":{"0":1},"b":{}}
,"F:\\teste\\app-react\\src\\Routes.tsx": {"path":"F:\\teste\\app-react\\src\\Routes.tsx","statementMap":{"0":{"start":{"line":2,"column":0},"end":{"line":2,"column":26}},"1":{"start":{"line":3,"column":0},"end":{"line":3,"column":64}},"2":{"start":{"line":5,"column":0},"end":{"line":5,"column":34}},"3":{"start":{"line":6,"column":0},"end":{"line":6,"column":40}},"4":{"start":{"line":7,"column":0},"end":{"line":7,"column":32}},"5":{"start":{"line":8,"column":0},"end":{"line":8,"column":42}},"6":{"start":{"line":10,"column":14},"end":{"line":10,"column":54}},"7":{"start":{"line":10,"column":30},"end":{"line":10,"column":53}},"8":{"start":{"line":11,"column":16},"end":{"line":11,"column":58}},"9":{"start":{"line":11,"column":32},"end":{"line":11,"column":57}},"10":{"start":{"line":15,"column":2},"end":{"line":43,"column":4}},"11":{"start":{"line":46,"column":0},"end":{"line":46,"column":null}}},"fnMap":{"0":{"name":"(anonymous_10)","decl":{"start":{"line":10,"column":25},"end":{"line":10,"column":28}},"loc":{"start":{"line":10,"column":30},"end":{"line":10,"column":53}}},"1":{"name":"(anonymous_11)","decl":{"start":{"line":10,"column":30},"end":{"line":10,"column":38}},"loc":{"start":{"line":10,"column":30},"end":{"line":10,"column":53}}},"2":{"name":"(anonymous_12)","decl":{"start":{"line":11,"column":27},"end":{"line":11,"column":30}},"loc":{"start":{"line":11,"column":32},"end":{"line":11,"column":57}}},"3":{"name":"(anonymous_13)","decl":{"start":{"line":11,"column":32},"end":{"line":11,"column":40}},"loc":{"start":{"line":11,"column":32},"end":{"line":11,"column":57}}},"4":{"name":"AppRoutes","decl":{"start":{"line":14,"column":9},"end":{"line":14,"column":18}},"loc":{"start":{"line":14,"column":18},"end":{"line":44,"column":1}}}},"branchMap":{},"s":{"0":0,"1":0,"2":0,"3":0,"4":0,"5":0,"6":0,"7":0,"8":0,"9":0,"10":0,"11":0},"f":{"0":0,"1":0,"2":0,"3":0,"4":0},"b":{}}
,"F:\\teste\\app-react\\src\\federated.d.ts": {"path":"F:\\teste\\app-react\\src\\federated.d.ts","statementMap":{},"fnMap":{},"branchMap":{},"s":{},"f":{},"b":{}}
,"F:\\teste\\app-react\\src\\main.tsx": {"path":"F:\\teste\\app-react\\src\\main.tsx","statementMap":{"0":{"start":{"line":1,"column":0},"end":{"line":1,"column":34}},"1":{"start":{"line":2,"column":0},"end":{"line":2,"column":45}},"2":{"start":{"line":3,"column":0},"end":{"line":3,"column":20}},"3":{"start":{"line":4,"column":0},"end":{"line":4,"column":27}},"4":{"start":{"line":5,"column":0},"end":{"line":5,"column":38}},"5":{"start":{"line":6,"column":0},"end":{"line":6,"column":31}},"6":{"start":{"line":8,"column":0},"end":{"line":14,"column":null}}},"fnMap":{},"branchMap":{},"s":{"0":0,"1":0,"2":0,"3":0,"4":0,"5":0,"6":0},"f":{},"b":{}}
,"F:\\teste\\app-react\\src\\vite-env.d.ts": {"path":"F:\\teste\\app-react\\src\\vite-env.d.ts","statementMap":{},"fnMap":{},"branchMap":{},"s":{},"f":{},"b":{}}
,"F:\\teste\\app-react\\src\\assets\\logo.tsx": {"path":"F:\\teste\\app-react\\src\\assets\\logo.tsx","statementMap":{"0":{"start":{"line":3,"column":71},"end":{"line":42,"column":null}},"1":{"start":{"line":7,"column":2},"end":{"line":41,"column":null}},"2":{"start":{"line":45,"column":0},"end":{"line":45,"column":31}}},"fnMap":{"0":{"name":"(anonymous_0)","decl":{"start":{"line":3,"column":71},"end":{"line":3,"column":72}},"loc":{"start":{"line":7,"column":2},"end":{"line":41,"column":null}}}},"branchMap":{"0":{"loc":{"start":{"line":4,"column":2},"end":{"line":4,"column":13}},"type":"default-arg","locations":[{"start":{"line":4,"column":10},"end":{"line":4,"column":13}}]},"1":{"loc":{"start":{"line":5,"column":2},"end":{"line":5,"column":13}},"type":"default-arg","locations":[{"start":{"line":5,"column":11},"end":{"line":5,"column":13}}]}},"s":{"0":2,"1":15,"2":2},"f":{"0":15},"b":{"0":[2],"1":[2]}}
,"F:\\teste\\app-react\\src\\components\\ConfirmModal.tsx": {"path":"F:\\teste\\app-react\\src\\components\\ConfirmModal.tsx","statementMap":{"0":{"start":{"line":9,"column":21},"end":{"line":37,"column":1}},"1":{"start":{"line":10,"column":2},"end":{"line":10,"column":25}},"2":{"start":{"line":10,"column":13},"end":{"line":10,"column":25}},"3":{"start":{"line":12,"column":2},"end":{"line":36,"column":4}},"4":{"start":{"line":39,"column":0},"end":{"line":39,"column":null}}},"fnMap":{"0":{"name":"(anonymous_0)","decl":{"start":{"line":9,"column":21},"end":{"line":9,"column":22}},"loc":{"start":{"line":9,"column":83},"end":{"line":37,"column":1}}}},"branchMap":{"0":{"loc":{"start":{"line":10,"column":2},"end":{"line":10,"column":25}},"type":"if","locations":[{"start":{"line":10,"column":2},"end":{"line":10,"column":25}},{"start":{},"end":{}}]}},"s":{"0":1,"1":4,"2":1,"3":3,"4":1},"f":{"0":4},"b":{"0":[1,3]}}
,"F:\\teste\\app-react\\src\\components\\Sidemenu.tsx": {"path":"F:\\teste\\app-react\\src\\components\\Sidemenu.tsx","statementMap":{"0":{"start":{"line":1,"column":0},"end":{"line":1,"column":53}},"1":{"start":{"line":2,"column":0},"end":{"line":2,"column":null}},"2":{"start":{"line":8,"column":0},"end":{"line":8,"column":33}},"3":{"start":{"line":10,"column":27},"end":{"line":59,"column":1}},"4":{"start":{"line":11,"column":34},"end":{"line":11,"column":48}},"5":{"start":{"line":12,"column":19},"end":{"line":12,"column":32}},"6":{"start":{"line":14,"column":17},"end":{"line":25,"column":4}},"7":{"start":{"line":27,"column":2},"end":{"line":58,"column":4}},"8":{"start":{"line":34,"column":25},"end":{"line":34,"column":47}},"9":{"start":{"line":43,"column":27},"end":{"line":43,"column":65}},"10":{"start":{"line":44,"column":10},"end":{"line":54,"column":12}},"11":{"start":{"line":62,"column":0},"end":{"line":62,"column":24}}},"fnMap":{"0":{"name":"(anonymous_0)","decl":{"start":{"line":10,"column":27},"end":{"line":10,"column":30}},"loc":{"start":{"line":10,"column":32},"end":{"line":59,"column":1}}},"1":{"name":"(anonymous_1)","decl":{"start":{"line":34,"column":19},"end":{"line":34,"column":22}},"loc":{"start":{"line":34,"column":25},"end":{"line":34,"column":47}}},"2":{"name":"(anonymous_2)","decl":{"start":{"line":42,"column":20},"end":{"line":42,"column":21}},"loc":{"start":{"line":42,"column":30},"end":{"line":55,"column":9}}}},"branchMap":{"0":{"loc":{"start":{"line":30,"column":10},"end":{"line":30,"column":36}},"type":"cond-expr","locations":[{"start":{"line":30,"column":21},"end":{"line":30,"column":27}},{"start":{"line":30,"column":30},"end":{"line":30,"column":36}}]},"1":{"loc":{"start":{"line":37,"column":11},"end":{"line":37,"column":104}},"type":"cond-expr","locations":[{"start":{"line":37,"column":22},"end":{"line":37,"column":61}},{"start":{"line":37,"column":64},"end":{"line":37,"column":104}}]},"2":{"loc":{"start":{"line":49,"column":18},"end":{"line":49,"column":59}},"type":"cond-expr","locations":[{"start":{"line":49,"column":29},"end":{"line":49,"column":54}},{"start":{"line":49,"column":57},"end":{"line":49,"column":59}}]},"3":{"loc":{"start":{"line":52,"column":15},"end":{"line":52,"column":53}},"type":"binary-expr","locations":[{"start":{"line":52,"column":15},"end":{"line":52,"column":23}},{"start":{"line":52,"column":27},"end":{"line":52,"column":53}}]}},"s":{"0":1,"1":1,"2":1,"3":1,"4":7,"5":7,"6":7,"7":7,"8":3,"9":14,"10":14,"11":1},"f":{"0":7,"1":3,"2":14},"b":{"0":[5,2],"1":[5,2],"2":[7,7],"3":[14,10]}}
,"F:\\teste\\app-react\\src\\components\\Toolbar.tsx": {"path":"F:\\teste\\app-react\\src\\components\\Toolbar.tsx","statementMap":{"0":{"start":{"line":1,"column":0},"end":{"line":1,"column":47}},"1":{"start":{"line":2,"column":0},"end":{"line":2,"column":42}},"2":{"start":{"line":3,"column":0},"end":{"line":3,"column":61}},"3":{"start":{"line":4,"column":0},"end":{"line":4,"column":75}},"4":{"start":{"line":5,"column":0},"end":{"line":5,"column":58}},"5":{"start":{"line":12,"column":40},"end":{"line":43,"column":1}},"6":{"start":{"line":13,"column":19},"end":{"line":13,"column":45}},"7":{"start":{"line":14,"column":19},"end":{"line":14,"column":32}},"8":{"start":{"line":16,"column":17},"end":{"line":19,"column":3}},"9":{"start":{"line":17,"column":4},"end":{"line":17,"column":32}},"10":{"start":{"line":18,"column":4},"end":{"line":18,"column":23}},"11":{"start":{"line":21,"column":17},"end":{"line":23,"column":3}},"12":{"start":{"line":22,"column":4},"end":{"line":22,"column":24}},"13":{"start":{"line":25,"column":2},"end":{"line":42,"column":4}},"14":{"start":{"line":45,"column":0},"end":{"line":45,"column":23}}},"fnMap":{"0":{"name":"(anonymous_0)","decl":{"start":{"line":12,"column":40},"end":{"line":12,"column":41}},"loc":{"start":{"line":12,"column":65},"end":{"line":43,"column":1}}},"1":{"name":"(anonymous_1)","decl":{"start":{"line":16,"column":17},"end":{"line":16,"column":26}},"loc":{"start":{"line":16,"column":28},"end":{"line":19,"column":3}}},"2":{"name":"(anonymous_2)","decl":{"start":{"line":21,"column":17},"end":{"line":21,"column":26}},"loc":{"start":{"line":21,"column":28},"end":{"line":23,"column":3}}}},"branchMap":{"0":{"loc":{"start":{"line":28,"column":9},"end":{"line":31,"column":null}},"type":"binary-expr","locations":[{"start":{"line":28,"column":9},"end":{"line":28,"column":17}},{"start":{"line":29,"column":10},"end":{"line":30,"column":null}}]}},"s":{"0":1,"1":1,"2":1,"3":1,"4":1,"5":1,"6":5,"7":5,"8":5,"9":1,"10":1,"11":5,"12":1,"13":5,"14":1},"f":{"0":5,"1":1,"2":1},"b":{"0":[5,2]}}
,"F:\\teste\\app-react\\src\\pages\\Home.tsx": {"path":"F:\\teste\\app-react\\src\\pages\\Home.tsx","statementMap":{"0":{"start":{"line":1,"column":0},"end":{"line":1,"column":46}},"1":{"start":{"line":2,"column":0},"end":{"line":2,"column":42}},"2":{"start":{"line":4,"column":23},"end":{"line":14,"column":1}},"3":{"start":{"line":5,"column":3},"end":{"line":13,"column":4}},"4":{"start":{"line":16,"column":0},"end":{"line":16,"column":20}}},"fnMap":{"0":{"name":"(anonymous_1)","decl":{"start":{"line":4,"column":23},"end":{"line":4,"column":26}},"loc":{"start":{"line":4,"column":28},"end":{"line":14,"column":1}}}},"branchMap":{},"s":{"0":1,"1":1,"2":1,"3":1,"4":1},"f":{"0":1},"b":{}}
,"F:\\teste\\app-react\\src\\pages\\Login.tsx": {"path":"F:\\teste\\app-react\\src\\pages\\Login.tsx","statementMap":{"0":{"start":{"line":1,"column":0},"end":{"line":1,"column":40}},"1":{"start":{"line":2,"column":0},"end":{"line":2,"column":94}},"2":{"start":{"line":3,"column":0},"end":{"line":3,"column":34}},"3":{"start":{"line":5,"column":0},"end":{"line":5,"column":42}},"4":{"start":{"line":6,"column":0},"end":{"line":6,"column":47}},"5":{"start":{"line":7,"column":0},"end":{"line":7,"column":59}},"6":{"start":{"line":8,"column":0},"end":{"line":8,"column":42}},"7":{"start":{"line":9,"column":0},"end":{"line":9,"column":50}},"8":{"start":{"line":10,"column":0},"end":{"line":10,"column":39}},"9":{"start":{"line":12,"column":18},"end":{"line":111,"column":1}},"10":{"start":{"line":13,"column":42},"end":{"line":13,"column":57}},"11":{"start":{"line":14,"column":74},"end":{"line":14,"column":90}},"12":{"start":{"line":15,"column":19},"end":{"line":15,"column":45}},"13":{"start":{"line":16,"column":19},"end":{"line":16,"column":32}},"14":{"start":{"line":18,"column":19},"end":{"line":28,"column":3}},"15":{"start":{"line":19,"column":4},"end":{"line":27,"column":5}},"16":{"start":{"line":21,"column":19},"end":{"line":21,"column":48}},"17":{"start":{"line":22,"column":6},"end":{"line":22,"column":52}},"18":{"start":{"line":23,"column":6},"end":{"line":23,"column":36}},"19":{"start":{"line":24,"column":6},"end":{"line":24,"column":20}},"20":{"start":{"line":26,"column":6},"end":{"line":26,"column":49}},"21":{"start":{"line":30,"column":2},"end":{"line":110,"column":4}},"22":{"start":{"line":80,"column":33},"end":{"line":80,"column":63}},"23":{"start":{"line":113,"column":0},"end":{"line":113,"column":25}}},"fnMap":{"0":{"name":"(anonymous_1)","decl":{"start":{"line":12,"column":18},"end":{"line":12,"column":38}},"loc":{"start":{"line":12,"column":40},"end":{"line":111,"column":1}}},"1":{"name":"(anonymous_2)","decl":{"start":{"line":18,"column":19},"end":{"line":18,"column":24}},"loc":{"start":{"line":18,"column":41},"end":{"line":28,"column":3}}},"2":{"name":"(anonymous_3)","decl":{"start":{"line":80,"column":27},"end":{"line":80,"column":30}},"loc":{"start":{"line":80,"column":33},"end":{"line":80,"column":63}}}},"branchMap":{"0":{"loc":{"start":{"line":58,"column":15},"end":{"line":58,"column":105}},"type":"binary-expr","locations":[{"start":{"line":58,"column":15},"end":{"line":58,"column":30}},{"start":{"line":58,"column":34},"end":{"line":58,"column":105}}]},"1":{"loc":{"start":{"line":70,"column":24},"end":{"line":70,"column":58}},"type":"cond-expr","locations":[{"start":{"line":70,"column":39},"end":{"line":70,"column":45}},{"start":{"line":70,"column":48},"end":{"line":70,"column":58}}]},"2":{"loc":{"start":{"line":82,"column":19},"end":{"line":85,"column":null}},"type":"cond-expr","locations":[{"start":{"line":83,"column":20},"end":{"line":83,"column":70}},{"start":{"line":85,"column":20},"end":{"line":85,"column":65}}]},"3":{"loc":{"start":{"line":89,"column":15},"end":{"line":90,"column":null}},"type":"binary-expr","locations":[{"start":{"line":89,"column":15},"end":{"line":89,"column":30}},{"start":{"line":90,"column":16},"end":{"line":90,"column":87}}]}},"s":{"0":1,"1":1,"2":1,"3":1,"4":1,"5":1,"6":1,"7":1,"8":1,"9":1,"10":12,"11":12,"12":12,"13":12,"14":12,"15":2,"16":2,"17":1,"18":1,"19":1,"20":1,"21":12,"22":2,"23":1},"f":{"0":12,"1":2,"2":2},"b":{"0":[12,0],"1":[1,11],"2":[1,11],"3":[12,0]}}
,"F:\\teste\\app-react\\src\\pages\\NotFound.tsx": {"path":"F:\\teste\\app-react\\src\\pages\\NotFound.tsx","statementMap":{"0":{"start":{"line":3,"column":0},"end":{"line":3,"column":24}},"1":{"start":{"line":1,"column":0},"end":{"line":1,"column":40}},"2":{"start":{"line":4,"column":2},"end":{"line":17,"column":4}}},"fnMap":{"0":{"name":"NotFound","decl":{"start":{"line":3,"column":24},"end":{"line":3,"column":32}},"loc":{"start":{"line":3,"column":32},"end":{"line":18,"column":1}}}},"branchMap":{},"s":{"0":1,"1":1,"2":1},"f":{"0":1},"b":{}}
,"F:\\teste\\app-react\\src\\pages\\Welcome.tsx": {"path":"F:\\teste\\app-react\\src\\pages\\Welcome.tsx","statementMap":{"0":{"start":{"line":1,"column":0},"end":{"line":1,"column":41}},"1":{"start":{"line":2,"column":0},"end":{"line":2,"column":42}},"2":{"start":{"line":4,"column":0},"end":{"line":4,"column":47}},"3":{"start":{"line":6,"column":30},"end":{"line":32,"column":1}},"4":{"start":{"line":7,"column":19},"end":{"line":7,"column":32}},"5":{"start":{"line":8,"column":15},"end":{"line":8,"column":66}},"6":{"start":{"line":8,"column":49},"end":{"line":8,"column":65}},"7":{"start":{"line":10,"column":2},"end":{"line":14,"column":9}},"8":{"start":{"line":11,"column":4},"end":{"line":13,"column":5}},"9":{"start":{"line":12,"column":6},"end":{"line":12,"column":25}},"10":{"start":{"line":16,"column":2},"end":{"line":31,"column":4}},"11":{"start":{"line":34,"column":0},"end":{"line":34,"column":27}}},"fnMap":{"0":{"name":"(anonymous_0)","decl":{"start":{"line":6,"column":30},"end":{"line":6,"column":33}},"loc":{"start":{"line":6,"column":35},"end":{"line":32,"column":1}}},"1":{"name":"(anonymous_1)","decl":{"start":{"line":8,"column":27},"end":{"line":8,"column":28}},"loc":{"start":{"line":8,"column":49},"end":{"line":8,"column":65}}},"2":{"name":"(anonymous_2)","decl":{"start":{"line":10,"column":12},"end":{"line":10,"column":15}},"loc":{"start":{"line":10,"column":17},"end":{"line":14,"column":3}}}},"branchMap":{"0":{"loc":{"start":{"line":11,"column":4},"end":{"line":13,"column":5}},"type":"if","locations":[{"start":{"line":11,"column":4},"end":{"line":13,"column":5}},{"start":{},"end":{}}]},"1":{"loc":{"start":{"line":21,"column":22},"end":{"line":21,"column":70}},"type":"cond-expr","locations":[{"start":{"line":21,"column":29},"end":{"line":21,"column":64}},{"start":{"line":21,"column":67},"end":{"line":21,"column":70}}]},"2":{"loc":{"start":{"line":23,"column":11},"end":{"line":26,"column":null}},"type":"binary-expr","locations":[{"start":{"line":23,"column":11},"end":{"line":23,"column":15}},{"start":{"line":24,"column":12},"end":{"line":25,"column":null}}]}},"s":{"0":1,"1":1,"2":1,"3":1,"4":3,"5":3,"6":0,"7":3,"8":3,"9":1,"10":3,"11":1},"f":{"0":3,"1":0,"2":3},"b":{"0":[1,2],"1":[2,1],"2":[3,2]}}
,"F:\\teste\\app-react\\src\\services\\Api.ts": {"path":"F:\\teste\\app-react\\src\\services\\Api.ts","statementMap":{"0":{"start":{"line":1,"column":0},"end":{"line":1,"column":26}},"1":{"start":{"line":2,"column":0},"end":{"line":2,"column":49}},"2":{"start":{"line":3,"column":0},"end":{"line":3,"column":44}},"3":{"start":{"line":5,"column":12},"end":{"line":11,"column":2}},"4":{"start":{"line":13,"column":0},"end":{"line":22,"column":3}},"5":{"start":{"line":14,"column":27},"end":{"line":14,"column":43}},"6":{"start":{"line":15,"column":21},"end":{"line":15,"column":37}},"7":{"start":{"line":17,"column":2},"end":{"line":19,"column":3}},"8":{"start":{"line":18,"column":4},"end":{"line":18,"column":64}},"9":{"start":{"line":21,"column":2},"end":{"line":21,"column":16}},"10":{"start":{"line":24,"column":0},"end":{"line":24,"column":19}}},"fnMap":{"0":{"name":"(anonymous_1)","decl":{"start":{"line":13,"column":29},"end":{"line":13,"column":30}},"loc":{"start":{"line":13,"column":40},"end":{"line":22,"column":1}}}},"branchMap":{"0":{"loc":{"start":{"line":17,"column":2},"end":{"line":19,"column":3}},"type":"if","locations":[{"start":{"line":17,"column":2},"end":{"line":19,"column":3}},{"start":{},"end":{}}]},"1":{"loc":{"start":{"line":17,"column":6},"end":{"line":17,"column":36}},"type":"binary-expr","locations":[{"start":{"line":17,"column":6},"end":{"line":17,"column":16}},{"start":{"line":17,"column":20},"end":{"line":17,"column":36}}]}},"s":{"0":4,"1":4,"2":4,"3":4,"4":4,"5":2,"6":2,"7":2,"8":1,"9":2,"10":4},"f":{"0":2},"b":{"0":[1,1],"1":[2,1]}}
,"F:\\teste\\app-react\\src\\services\\AuthService.ts": {"path":"F:\\teste\\app-react\\src\\services\\AuthService.ts","statementMap":{"0":{"start":{"line":3,"column":0},"end":{"line":3,"column":40}},"1":{"start":{"line":7,"column":4},"end":{"line":7,"column":19}},"2":{"start":{"line":11,"column":21},"end":{"line":11,"column":65}},"3":{"start":{"line":12,"column":4},"end":{"line":12,"column":25}},"4":{"start":{"line":17,"column":0},"end":{"line":17,"column":33}}},"fnMap":{"0":{"name":"(anonymous_1)","decl":{"start":{"line":6,"column":2},"end":{"line":6,"column":null}},"loc":{"start":{"line":6,"column":2},"end":{"line":8,"column":3}}},"1":{"name":"(anonymous_2)","decl":{"start":{"line":10,"column":2},"end":{"line":10,"column":7}},"loc":{"start":{"line":10,"column":35},"end":{"line":13,"column":3}}}},"branchMap":{},"s":{"0":2,"1":2,"2":1,"3":1,"4":2},"f":{"0":2,"1":1},"b":{}}
,"F:\\teste\\app-react\\src\\services\\BaseService.ts": {"path":"F:\\teste\\app-react\\src\\services\\BaseService.ts","statementMap":{"0":{"start":{"line":1,"column":0},"end":{"line":1,"column":24}},"1":{"start":{"line":9,"column":4},"end":{"line":9,"column":19}},"2":{"start":{"line":10,"column":4},"end":{"line":10,"column":29}},"3":{"start":{"line":14,"column":4},"end":{"line":14,"column":61}},"4":{"start":{"line":18,"column":4},"end":{"line":18,"column":68}},"5":{"start":{"line":22,"column":4},"end":{"line":22,"column":67}},"6":{"start":{"line":26,"column":4},"end":{"line":26,"column":64}},"7":{"start":{"line":4,"column":0},"end":{"line":4,"column":21}}},"fnMap":{"0":{"name":"(anonymous_1)","decl":{"start":{"line":8,"column":2},"end":{"line":8,"column":14}},"loc":{"start":{"line":8,"column":30},"end":{"line":11,"column":3}}},"1":{"name":"(anonymous_2)","decl":{"start":{"line":13,"column":9},"end":{"line":13,"column":12}},"loc":{"start":{"line":13,"column":56},"end":{"line":15,"column":3}}},"2":{"name":"(anonymous_3)","decl":{"start":{"line":17,"column":9},"end":{"line":17,"column":13}},"loc":{"start":{"line":17,"column":72},"end":{"line":19,"column":3}}},"3":{"name":"(anonymous_4)","decl":{"start":{"line":21,"column":9},"end":{"line":21,"column":12}},"loc":{"start":{"line":21,"column":71},"end":{"line":23,"column":3}}},"4":{"name":"(anonymous_5)","decl":{"start":{"line":25,"column":9},"end":{"line":25,"column":15}},"loc":{"start":{"line":25,"column":59},"end":{"line":27,"column":3}}}},"branchMap":{},"s":{"0":3,"1":3,"2":3,"3":1,"4":1,"5":1,"6":1,"7":3},"f":{"0":3,"1":1,"2":1,"3":1,"4":1},"b":{}}
,"F:\\teste\\app-react\\src\\store\\index.ts": {"path":"F:\\teste\\app-react\\src\\store\\index.ts","statementMap":{"0":{"start":{"line":1,"column":0},"end":{"line":1,"column":83}},"1":{"start":{"line":6,"column":29},"end":{"line":14,"column":1}},"2":{"start":{"line":7,"column":2},"end":{"line":13,"column":3}},"3":{"start":{"line":8,"column":19},"end":{"line":8,"column":53}},"4":{"start":{"line":9,"column":4},"end":{"line":9,"column":46}},"5":{"start":{"line":11,"column":4},"end":{"line":11,"column":59}},"6":{"start":{"line":12,"column":4},"end":{"line":12,"column":16}},"7":{"start":{"line":16,"column":27},"end":{"line":26,"column":1}},"8":{"start":{"line":17,"column":2},"end":{"line":25,"column":3}},"9":{"start":{"line":18,"column":4},"end":{"line":22,"column":5}},"10":{"start":{"line":19,"column":6},"end":{"line":19,"column":64}},"11":{"start":{"line":21,"column":6},"end":{"line":21,"column":44}},"12":{"start":{"line":24,"column":4},"end":{"line":24,"column":59}},"13":{"start":{"line":28,"column":24},"end":{"line":35,"column":2}},"14":{"start":{"line":32,"column":61},"end":{"line":32,"column":75}},"15":{"start":{"line":33,"column":27},"end":{"line":33,"column":31}},"16":{"start":{"line":37,"column":13},"end":{"line":37,"column":50}},"17":{"start":{"line":39,"column":13},"end":{"line":43,"column":3}},"18":{"start":{"line":45,"column":0},"end":{"line":48,"column":3}},"19":{"start":{"line":46,"column":16},"end":{"line":46,"column":43}},"20":{"start":{"line":47,"column":2},"end":{"line":47,"column":28}}},"fnMap":{"0":{"name":"(anonymous_0)","decl":{"start":{"line":6,"column":29},"end":{"line":6,"column":44}},"loc":{"start":{"line":6,"column":46},"end":{"line":14,"column":1}}},"1":{"name":"(anonymous_1)","decl":{"start":{"line":16,"column":27},"end":{"line":16,"column":28}},"loc":{"start":{"line":16,"column":49},"end":{"line":26,"column":1}}},"2":{"name":"(anonymous_2)","decl":{"start":{"line":32,"column":19},"end":{"line":32,"column":20}},"loc":{"start":{"line":32,"column":61},"end":{"line":32,"column":75}}},"3":{"name":"(anonymous_3)","decl":{"start":{"line":33,"column":21},"end":{"line":33,"column":24}},"loc":{"start":{"line":33,"column":27},"end":{"line":33,"column":31}}},"4":{"name":"(anonymous_4)","decl":{"start":{"line":45,"column":16},"end":{"line":45,"column":19}},"loc":{"start":{"line":45,"column":21},"end":{"line":48,"column":1}}}},"branchMap":{"0":{"loc":{"start":{"line":9,"column":11},"end":{"line":9,"column":45}},"type":"cond-expr","locations":[{"start":{"line":9,"column":20},"end":{"line":9,"column":38}},{"start":{"line":9,"column":41},"end":{"line":9,"column":45}}]},"1":{"loc":{"start":{"line":18,"column":4},"end":{"line":22,"column":5}},"type":"if","locations":[{"start":{"line":18,"column":4},"end":{"line":22,"column":5}},{"start":{"line":20,"column":11},"end":{"line":22,"column":5}}]}},"s":{"0":6,"1":6,"2":6,"3":6,"4":6,"5":0,"6":0,"7":6,"8":5,"9":5,"10":2,"11":3,"12":0,"13":6,"14":2,"15":3,"16":6,"17":6,"18":6,"19":5,"20":5},"f":{"0":6,"1":5,"2":2,"3":3,"4":5},"b":{"0":[0,6],"1":[2,3]}}
}
