TN:
SF:src\App.tsx
FN:6,App
FNF:1
FNH:1
FNDA:1,App
DA:1,1
DA:2,1
DA:3,1
DA:4,1
DA:8,1
DA:16,1
LF:6
LH:6
BRF:0
BRH:0
end_of_record
TN:
SF:src\Routes.tsx
FN:10,(anonymous_10)
FN:10,(anonymous_11)
FN:11,(anonymous_12)
FN:11,(anonymous_13)
FN:14,AppRoutes
FNF:5
FNH:0
FNDA:0,(anonymous_10)
FNDA:0,(anonymous_11)
FNDA:0,(anonymous_12)
FNDA:0,(anonymous_13)
FNDA:0,AppRoutes
DA:2,0
DA:3,0
DA:5,0
DA:6,0
DA:7,0
DA:8,0
DA:10,0
DA:11,0
DA:15,0
DA:46,0
LF:10
LH:0
BRF:0
BRH:0
end_of_record
TN:
SF:src\federated.d.ts
FNF:0
FNH:0
LF:0
LH:0
BRF:0
BRH:0
end_of_record
TN:
SF:src\main.tsx
FNF:0
FNH:0
DA:1,0
DA:2,0
DA:3,0
DA:4,0
DA:5,0
DA:6,0
DA:8,0
LF:7
LH:0
BRF:0
BRH:0
end_of_record
TN:
SF:src\vite-env.d.ts
FNF:0
FNH:0
LF:0
LH:0
BRF:0
BRH:0
end_of_record
TN:
SF:src\assets\logo.tsx
FN:3,(anonymous_0)
FNF:1
FNH:1
FNDA:15,(anonymous_0)
DA:3,2
DA:7,15
DA:45,2
LF:3
LH:3
BRDA:4,0,0,2
BRDA:5,1,0,2
BRF:2
BRH:2
end_of_record
TN:
SF:src\components\ConfirmModal.tsx
FN:9,(anonymous_0)
FNF:1
FNH:1
FNDA:4,(anonymous_0)
DA:9,1
DA:10,4
DA:12,3
DA:39,1
LF:4
LH:4
BRDA:10,0,0,1
BRDA:10,0,1,3
BRF:2
BRH:2
end_of_record
TN:
SF:src\components\Sidemenu.tsx
FN:10,(anonymous_0)
FN:34,(anonymous_1)
FN:42,(anonymous_2)
FNF:3
FNH:3
FNDA:7,(anonymous_0)
FNDA:3,(anonymous_1)
FNDA:14,(anonymous_2)
DA:1,1
DA:2,1
DA:8,1
DA:10,1
DA:11,7
DA:12,7
DA:14,7
DA:27,7
DA:34,3
DA:43,14
DA:44,14
DA:62,1
LF:12
LH:12
BRDA:30,0,0,5
BRDA:30,0,1,2
BRDA:37,1,0,5
BRDA:37,1,1,2
BRDA:49,2,0,7
BRDA:49,2,1,7
BRDA:52,3,0,14
BRDA:52,3,1,10
BRF:8
BRH:8
end_of_record
TN:
SF:src\components\Toolbar.tsx
FN:12,(anonymous_0)
FN:16,(anonymous_1)
FN:21,(anonymous_2)
FNF:3
FNH:3
FNDA:5,(anonymous_0)
FNDA:1,(anonymous_1)
FNDA:1,(anonymous_2)
DA:1,1
DA:2,1
DA:3,1
DA:4,1
DA:5,1
DA:12,1
DA:13,5
DA:14,5
DA:16,5
DA:17,1
DA:18,1
DA:21,5
DA:22,1
DA:25,5
DA:45,1
LF:15
LH:15
BRDA:28,0,0,5
BRDA:28,0,1,2
BRF:2
BRH:2
end_of_record
TN:
SF:src\pages\Home.tsx
FN:4,(anonymous_1)
FNF:1
FNH:1
FNDA:1,(anonymous_1)
DA:1,1
DA:2,1
DA:4,1
DA:5,1
DA:16,1
LF:5
LH:5
BRF:0
BRH:0
end_of_record
TN:
SF:src\pages\Login.tsx
FN:12,(anonymous_1)
FN:18,(anonymous_2)
FN:80,(anonymous_3)
FNF:3
FNH:3
FNDA:12,(anonymous_1)
FNDA:2,(anonymous_2)
FNDA:2,(anonymous_3)
DA:1,1
DA:2,1
DA:3,1
DA:5,1
DA:6,1
DA:7,1
DA:8,1
DA:9,1
DA:10,1
DA:12,1
DA:13,12
DA:14,12
DA:15,12
DA:16,12
DA:18,12
DA:19,2
DA:21,2
DA:22,1
DA:23,1
DA:24,1
DA:26,1
DA:30,12
DA:80,2
DA:113,1
LF:24
LH:24
BRDA:58,0,0,12
BRDA:58,0,1,0
BRDA:70,1,0,1
BRDA:70,1,1,11
BRDA:82,2,0,1
BRDA:82,2,1,11
BRDA:89,3,0,12
BRDA:89,3,1,0
BRF:8
BRH:6
end_of_record
TN:
SF:src\pages\NotFound.tsx
FN:3,NotFound
FNF:1
FNH:1
FNDA:1,NotFound
DA:1,1
DA:3,1
DA:4,1
LF:3
LH:3
BRF:0
BRH:0
end_of_record
TN:
SF:src\pages\Welcome.tsx
FN:6,(anonymous_0)
FN:8,(anonymous_1)
FN:10,(anonymous_2)
FNF:3
FNH:2
FNDA:3,(anonymous_0)
FNDA:0,(anonymous_1)
FNDA:3,(anonymous_2)
DA:1,1
DA:2,1
DA:4,1
DA:6,1
DA:7,3
DA:8,3
DA:10,3
DA:11,3
DA:12,1
DA:16,3
DA:34,1
LF:11
LH:11
BRDA:11,0,0,1
BRDA:11,0,1,2
BRDA:21,1,0,2
BRDA:21,1,1,1
BRDA:23,2,0,3
BRDA:23,2,1,2
BRF:6
BRH:6
end_of_record
TN:
SF:src\services\Api.ts
FN:13,(anonymous_1)
FNF:1
FNH:1
FNDA:2,(anonymous_1)
DA:1,4
DA:2,4
DA:3,4
DA:5,4
DA:13,4
DA:14,2
DA:15,2
DA:17,2
DA:18,1
DA:21,2
DA:24,4
LF:11
LH:11
BRDA:17,0,0,1
BRDA:17,0,1,1
BRDA:17,1,0,2
BRDA:17,1,1,1
BRF:4
BRH:4
end_of_record
TN:
SF:src\services\AuthService.ts
FN:6,(anonymous_1)
FN:10,(anonymous_2)
FNF:2
FNH:2
FNDA:2,(anonymous_1)
FNDA:1,(anonymous_2)
DA:3,2
DA:7,2
DA:11,1
DA:12,1
DA:17,2
LF:5
LH:5
BRF:0
BRH:0
end_of_record
TN:
SF:src\services\BaseService.ts
FN:8,(anonymous_1)
FN:13,(anonymous_2)
FN:17,(anonymous_3)
FN:21,(anonymous_4)
FN:25,(anonymous_5)
FNF:5
FNH:5
FNDA:3,(anonymous_1)
FNDA:1,(anonymous_2)
FNDA:1,(anonymous_3)
FNDA:1,(anonymous_4)
FNDA:1,(anonymous_5)
DA:1,3
DA:4,3
DA:9,3
DA:10,3
DA:14,1
DA:18,1
DA:22,1
DA:26,1
LF:8
LH:8
BRF:0
BRH:0
end_of_record
TN:
SF:src\store\index.ts
FN:6,(anonymous_0)
FN:16,(anonymous_1)
FN:32,(anonymous_2)
FN:33,(anonymous_3)
FN:45,(anonymous_4)
FNF:5
FNH:5
FNDA:6,(anonymous_0)
FNDA:5,(anonymous_1)
FNDA:2,(anonymous_2)
FNDA:3,(anonymous_3)
FNDA:5,(anonymous_4)
DA:1,6
DA:6,6
DA:7,6
DA:8,6
DA:9,6
DA:11,0
DA:12,0
DA:16,6
DA:17,5
DA:18,5
DA:19,2
DA:21,3
DA:24,0
DA:28,6
DA:32,2
DA:33,3
DA:37,6
DA:39,6
DA:45,6
DA:46,5
DA:47,5
LF:21
LH:18
BRDA:9,0,0,0
BRDA:9,0,1,6
BRDA:18,1,0,2
BRDA:18,1,1,3
BRF:4
BRH:3
end_of_record
